#
# There is insufficient memory for the Java Runtime Environment to continue.
# Native memory allocation (malloc) failed to allocate 4088 bytes for AllocateHeap
# Possible reasons:
#   The system is out of physical RAM or swap space
#   The process is running with CompressedOops enabled, and the Java Heap may be blocking the growth of the native heap
# Possible solutions:
#   Reduce memory load on the system
#   Increase physical memory or swap space
#   Check if swap backing store is full
#   Decrease Java heap size (-Xmx/-Xms)
#   Decrease number of Java threads
#   Decrease Java thread stack sizes (-Xss)
#   Set larger code cache with -XX:ReservedCodeCacheSize=
#   JVM is running with Unscaled Compressed Oops mode in which the Java heap is
#     placed in the first 4GB address space. The Java Heap base address is the
#     maximum limit for the native heap growth. Please use -XX:HeapBaseMinAddress
#     to set the Java Heap base and to place the Java Heap above 4GB virtual address.
# This output file may be truncated or incomplete.
#
#  Out of Memory Error (memory/allocation.inline.hpp:61), pid=18588, tid=0x0000000000005cb8
#
# JRE version: Java(TM) SE Runtime Environment (8.0_221-b11) (build 1.8.0_221-b11)
# Java VM: Java HotSpot(TM) 64-Bit Server VM (25.221-b11 mixed mode windows-amd64 compressed oops)
# Failed to write core dump. Minidumps are not enabled by default on client versions of Windows
#

---------------  T H R E A D  ---------------

Current thread (0x0000000002a9c800):  GCTaskThread [stack: 0x0000000012710000,0x0000000012810000] [id=23736]

Stack: [0x0000000012710000,0x0000000012810000]
[error occurred during error reporting (printing stack bounds), id 0xc0000005]

Native frames: (J=compiled Java code, j=interpreted, Vv=VM code, C=native code)


---------------  P R O C E S S  ---------------

Java Threads: ( => current thread )
  0x0000000019214000 JavaThread "Service Thread" daemon [_thread_blocked, id=23612, stack(0x0000000019cf0000,0x0000000019df0000)]
  0x00000000191c4800 JavaThread "C1 CompilerThread3" daemon [_thread_blocked, id=12428, stack(0x0000000019bf0000,0x0000000019cf0000)]
  0x00000000191b6000 JavaThread "C2 CompilerThread2" daemon [_thread_blocked, id=24528, stack(0x0000000019af0000,0x0000000019bf0000)]
  0x0000000019189000 JavaThread "C2 CompilerThread1" daemon [_thread_blocked, id=19600, stack(0x00000000199f0000,0x0000000019af0000)]
  0x0000000019186800 JavaThread "C2 CompilerThread0" daemon [_thread_blocked, id=20224, stack(0x00000000198f0000,0x00000000199f0000)]
  0x0000000019182000 JavaThread "Monitor Ctrl-Break" daemon [_thread_in_native, id=23384, stack(0x00000000197f0000,0x00000000198f0000)]
  0x000000001901c800 JavaThread "Attach Listener" daemon [_thread_blocked, id=2696, stack(0x00000000196f0000,0x00000000197f0000)]
  0x0000000018fc8000 JavaThread "Signal Dispatcher" daemon [_thread_blocked, id=16568, stack(0x00000000195f0000,0x00000000196f0000)]
  0x00000000171be000 JavaThread "Finalizer" daemon [_thread_blocked, id=25044, stack(0x0000000019490000,0x0000000019590000)]
  0x0000000018fb0800 JavaThread "Reference Handler" daemon [_thread_blocked, id=7720, stack(0x0000000019390000,0x0000000019490000)]
  0x0000000002a84000 JavaThread "main" [_thread_blocked, id=17904, stack(0x0000000000ca0000,0x0000000000da0000)]

Other Threads:
  0x00000000171b9800 VMThread [stack: 0x0000000018e90000,0x0000000018f90000] [id=17424]
  0x0000000019183800 WatcherThread [stack: 0x0000000019df0000,0x0000000019ef0000] [id=22940]

=>0x0000000002a9c800 (exited) GCTaskThread [stack: 0x0000000012710000,0x0000000012810000] [id=23736]

VM state:at safepoint (normal execution)

VM Mutex/Monitor currently owned by a thread:  ([mutex/lock_event])
[0x0000000002a80ed0] Threads_lock - owner thread: 0x00000000171b9800
[0x0000000002a82860] Heap_lock - owner thread: 0x0000000002a84000

heap address: 0x0000000091800000, size: 1768 MB, Compressed Oops mode: 32-bit
Narrow klass base: 0x0000000000000000, Narrow klass shift: 3
Compressed class space size: 1073741824 Address: 0x0000000100000000

Heap:
 PSYoungGen      total 324608K, used 316800K [0x00000000db300000, 0x00000000fbb00000, 0x0000000100000000)
  eden space 124928K, 100% used [0x00000000db300000,0x00000000e2d00000,0x00000000e2d00000)
  from space 199680K, 96% used [0x00000000ef100000,0x00000000fac60000,0x00000000fb400000)
  to   space 200704K, 10% used [0x00000000e2d00000,0x00000000e40b0000,0x00000000ef100000)
 ParOldGen       total 1142272K, used 1059450K [0x0000000091800000, 0x00000000d7380000, 0x00000000db300000)
  object space 1142272K, 92% used [0x0000000091800000,0x00000000d22a2b78,0x00000000d7380000)
 Metaspace       used 3237K, capacity 4500K, committed 4864K, reserved 1056768K
  class space    used 349K, capacity 388K, committed 512K, reserved 1048576K

Card table byte_map: [0x0000000011f40000,0x00000000122c0000] byte_map_base: 0x0000000011ab4000

Marking Bits: (ParMarkBitMap*) 0x0000000064795ce0
 Begin Bits: [0x0000000012d10000, 0x00000000148b0000)
 End Bits:   [0x00000000148b0000, 0x0000000016450000)

Polling page: 0x00000000003e0000

CodeCache: size=245760Kb used=1189Kb max_used=1201Kb free=244570Kb
 bounds [0x0000000002b80000, 0x0000000002df0000, 0x0000000011b80000]
 total_blobs=316 nmethods=59 adapters=172
 compilation: enabled

Compilation events (10 events):
Event: 0.291 Thread 0x00000000191b6000   56 %     4       com.bytedance.crm.workbench.domain.Solution::add @ 10 (32 bytes)
Event: 0.292 Thread 0x00000000191c4800 nmethod 54 0x0000000002ca1950 code [0x0000000002ca1be0, 0x0000000002ca2d08]
Event: 0.295 Thread 0x0000000019186800 nmethod 55 0x0000000002caa290 code [0x0000000002caa3e0, 0x0000000002caa618]
Event: 0.299 Thread 0x00000000191b6000 nmethod 56% 0x0000000002ca8010 code [0x0000000002ca8180, 0x0000000002ca88f8]
Event: 0.299 Thread 0x00000000191c4800   57 %     3       com.bytedance.crm.workbench.domain.Solution::FindContinuousSequence @ 15 (76 bytes)
Event: 0.300 Thread 0x00000000191c4800 nmethod 57% 0x0000000002ca8f10 code [0x0000000002ca9120, 0x0000000002ca9bf8]
Event: 0.301 Thread 0x0000000019189000   58 %     4       com.bytedance.crm.workbench.domain.Solution::FindContinuousSequence @ 15 (76 bytes)
Event: 0.307 Thread 0x0000000019189000 nmethod 58% 0x0000000002ca7610 code [0x0000000002ca7780, 0x0000000002ca7c68]
Event: 0.342 Thread 0x00000000191c4800   59       1       java.lang.ref.Reference::get (5 bytes)
Event: 0.343 Thread 0x00000000191c4800 nmethod 59 0x0000000002ca1690 code [0x0000000002ca17e0, 0x0000000002ca18f0]

GC Heap History (10 events):
Event: 9.971 GC heap after
Heap after GC invocations=17 (full 4):
 PSYoungGen      total 278016K, used 77600K [0x00000000db300000, 0x00000000f9d80000, 0x0000000100000000)
  eden space 77312K, 0% used [0x00000000db300000,0x00000000db300000,0x00000000dfe80000)
  from space 200704K, 38% used [0x00000000dfe80000,0x00000000e4a48000,0x00000000ec280000)
  to   space 200704K, 0% used [0x00000000ed980000,0x00000000ed980000,0x00000000f9d80000)
 ParOldGen       total 796672K, used 753493K [0x0000000091800000, 0x00000000c2200000, 0x00000000db300000)
  object space 796672K, 94% used [0x0000000091800000,0x00000000bf7d5758,0x00000000c2200000)
 Metaspace       used 3237K, capacity 4500K, committed 4864K, reserved 1056768K
  class space    used 349K, capacity 388K, committed 512K, reserved 1048576K
}
Event: 9.971 GC heap before
{Heap before GC invocations=18 (full 5):
 PSYoungGen      total 278016K, used 77600K [0x00000000db300000, 0x00000000f9d80000, 0x0000000100000000)
  eden space 77312K, 0% used [0x00000000db300000,0x00000000db300000,0x00000000dfe80000)
  from space 200704K, 38% used [0x00000000dfe80000,0x00000000e4a48000,0x00000000ec280000)
  to   space 200704K, 0% used [0x00000000ed980000,0x00000000ed980000,0x00000000f9d80000)
 ParOldGen       total 796672K, used 753493K [0x0000000091800000, 0x00000000c2200000, 0x00000000db300000)
  object space 796672K, 94% used [0x0000000091800000,0x00000000bf7d5758,0x00000000c2200000)
 Metaspace       used 3237K, capacity 4500K, committed 4864K, reserved 1056768K
  class space    used 349K, capacity 388K, committed 512K, reserved 1048576K
Event: 12.502 GC heap after
Heap after GC invocations=18 (full 5):
 PSYoungGen      total 278016K, used 0K [0x00000000db300000, 0x00000000f9d80000, 0x0000000100000000)
  eden space 77312K, 0% used [0x00000000db300000,0x00000000db300000,0x00000000dfe80000)
  from space 200704K, 0% used [0x00000000dfe80000,0x00000000dfe80000,0x00000000ec280000)
  to   space 200704K, 0% used [0x00000000ed980000,0x00000000ed980000,0x00000000f9d80000)
 ParOldGen       total 1142272K, used 794142K [0x0000000091800000, 0x00000000d7380000, 0x00000000db300000)
  object space 1142272K, 69% used [0x0000000091800000,0x00000000c1f87bb0,0x00000000d7380000)
 Metaspace       used 3237K, capacity 4500K, committed 4864K, reserved 1056768K
  class space    used 349K, capacity 388K, committed 512K, reserved 1048576K
}
Event: 12.583 GC heap before
{Heap before GC invocations=19 (full 5):
 PSYoungGen      total 278016K, used 77312K [0x00000000db300000, 0x00000000f9d80000, 0x0000000100000000)
  eden space 77312K, 100% used [0x00000000db300000,0x00000000dfe80000,0x00000000dfe80000)
  from space 200704K, 0% used [0x00000000dfe80000,0x00000000dfe80000,0x00000000ec280000)
  to   space 200704K, 0% used [0x00000000ed980000,0x00000000ed980000,0x00000000f9d80000)
 ParOldGen       total 1142272K, used 794142K [0x0000000091800000, 0x00000000d7380000, 0x00000000db300000)
  object space 1142272K, 69% used [0x0000000091800000,0x00000000c1f87bb0,0x00000000d7380000)
 Metaspace       used 3237K, capacity 4500K, committed 4864K, reserved 1056768K
  class space    used 349K, capacity 388K, committed 512K, reserved 1048576K
Event: 12.804 GC heap after
Heap after GC invocations=19 (full 5):
 PSYoungGen      total 291328K, used 77536K [0x00000000db300000, 0x00000000f9880000, 0x0000000100000000)
  eden space 95744K, 0% used [0x00000000db300000,0x00000000db300000,0x00000000e1080000)
  from space 195584K, 39% used [0x00000000ed980000,0x00000000f2538000,0x00000000f9880000)
  to   space 200704K, 0% used [0x00000000e1080000,0x00000000e1080000,0x00000000ed480000)
 ParOldGen       total 1142272K, used 794142K [0x0000000091800000, 0x00000000d7380000, 0x00000000db300000)
  object space 1142272K, 69% used [0x0000000091800000,0x00000000c1f87bb0,0x00000000d7380000)
 Metaspace       used 3237K, capacity 4500K, committed 4864K, reserved 1056768K
  class space    used 349K, capacity 388K, committed 512K, reserved 1048576K
}
Event: 12.886 GC heap before
{Heap before GC invocations=20 (full 5):
 PSYoungGen      total 291328K, used 173280K [0x00000000db300000, 0x00000000f9880000, 0x0000000100000000)
  eden space 95744K, 100% used [0x00000000db300000,0x00000000e1080000,0x00000000e1080000)
  from space 195584K, 39% used [0x00000000ed980000,0x00000000f2538000,0x00000000f9880000)
  to   space 200704K, 0% used [0x00000000e1080000,0x00000000e1080000,0x00000000ed480000)
 ParOldGen       total 1142272K, used 794142K [0x0000000091800000, 0x00000000d7380000, 0x00000000db300000)
  object space 1142272K, 69% used [0x0000000091800000,0x00000000c1f87bb0,0x00000000d7380000)
 Metaspace       used 3237K, capacity 4500K, committed 4864K, reserved 1056768K
  class space    used 349K, capacity 388K, committed 512K, reserved 1048576K
Event: 13.498 GC heap after
Heap after GC invocations=20 (full 5):
 PSYoungGen      total 296448K, used 96032K [0x00000000db300000, 0x00000000fb400000, 0x0000000100000000)
  eden space 95744K, 0% used [0x00000000db300000,0x00000000db300000,0x00000000e1080000)
  from space 200704K, 47% used [0x00000000e1080000,0x00000000e6e48000,0x00000000ed480000)
  to   space 199680K, 0% used [0x00000000ef100000,0x00000000ef100000,0x00000000fb400000)
 ParOldGen       total 1142272K, used 871766K [0x0000000091800000, 0x00000000d7380000, 0x00000000db300000)
  object space 1142272K, 76% used [0x0000000091800000,0x00000000c6b55bb0,0x00000000d7380000)
 Metaspace       used 3237K, capacity 4500K, committed 4864K, reserved 1056768K
  class space    used 349K, capacity 388K, committed 512K, reserved 1048576K
}
Event: 13.580 GC heap before
{Heap before GC invocations=21 (full 5):
 PSYoungGen      total 296448K, used 191776K [0x00000000db300000, 0x00000000fb400000, 0x0000000100000000)
  eden space 95744K, 100% used [0x00000000db300000,0x00000000e1080000,0x00000000e1080000)
  from space 200704K, 47% used [0x00000000e1080000,0x00000000e6e48000,0x00000000ed480000)
  to   space 199680K, 0% used [0x00000000ef100000,0x00000000ef100000,0x00000000fb400000)
 ParOldGen       total 1142272K, used 871766K [0x0000000091800000, 0x00000000d7380000, 0x00000000db300000)
  object space 1142272K, 76% used [0x0000000091800000,0x00000000c6b55bb0,0x00000000d7380000)
 Metaspace       used 3237K, capacity 4500K, committed 4864K, reserved 1056768K
  class space    used 349K, capacity 388K, committed 512K, reserved 1048576K
Event: 14.138 GC heap after
Heap after GC invocations=21 (full 5):
 PSYoungGen      total 324608K, used 191872K [0x00000000db300000, 0x00000000fbb00000, 0x0000000100000000)
  eden space 124928K, 0% used [0x00000000db300000,0x00000000db300000,0x00000000e2d00000)
  from space 199680K, 96% used [0x00000000ef100000,0x00000000fac60000,0x00000000fb400000)
  to   space 200704K, 0% used [0x00000000e2d00000,0x00000000e2d00000,0x00000000ef100000)
 ParOldGen       total 1142272K, used 871766K [0x0000000091800000, 0x00000000d7380000, 0x00000000db300000)
  object space 1142272K, 76% used [0x0000000091800000,0x00000000c6b55bb0,0x00000000d7380000)
 Metaspace       used 3237K, capacity 4500K, committed 4864K, reserved 1056768K
  class space    used 349K, capacity 388K, committed 512K, reserved 1048576K
}
Event: 14.569 GC heap before
{Heap before GC invocations=22 (full 5):
 PSYoungGen      total 324608K, used 316800K [0x00000000db300000, 0x00000000fbb00000, 0x0000000100000000)
  eden space 124928K, 100% used [0x00000000db300000,0x00000000e2d00000,0x00000000e2d00000)
  from space 199680K, 96% used [0x00000000ef100000,0x00000000fac60000,0x00000000fb400000)
  to   space 200704K, 0% used [0x00000000e2d00000,0x00000000e2d00000,0x00000000ef100000)
 ParOldGen       total 1142272K, used 952890K [0x0000000091800000, 0x00000000d7380000, 0x00000000db300000)
  object space 1142272K, 83% used [0x0000000091800000,0x00000000cba8eb78,0x00000000d7380000)
 Metaspace       used 3237K, capacity 4500K, committed 4864K, reserved 1056768K
  class space    used 349K, capacity 388K, committed 512K, reserved 1048576K

Deoptimization events (0 events):
No events

Classes redefined (0 events):
No events

Internal exceptions (2 events):
Event: 0.059 Thread 0x0000000002a84000 Exception <a 'java/lang/NoSuchMethodError': Method sun.misc.Unsafe.defineClass(Ljava/lang/String;[BII)Ljava/lang/Class; name or signature does not match> (0x00000000db307cb8) thrown at [C:\re\workspace\8-2-build-windows-amd64-cygwin\jdk8u221\13320\hotspot
Event: 0.059 Thread 0x0000000002a84000 Exception <a 'java/lang/NoSuchMethodError': Method sun.misc.Unsafe.prefetchRead(Ljava/lang/Object;J)V name or signature does not match> (0x00000000db307fa0) thrown at [C:\re\workspace\8-2-build-windows-amd64-cygwin\jdk8u221\13320\hotspot\src\share\vm\prim

Events (10 events):
Event: 8.795 Executing VM operation: ParallelGCFailedAllocation done
Event: 9.583 Executing VM operation: ParallelGCFailedAllocation
Event: 12.502 Executing VM operation: ParallelGCFailedAllocation done
Event: 12.583 Executing VM operation: ParallelGCFailedAllocation
Event: 12.804 Executing VM operation: ParallelGCFailedAllocation done
Event: 12.886 Executing VM operation: ParallelGCFailedAllocation
Event: 13.498 Executing VM operation: ParallelGCFailedAllocation done
Event: 13.580 Executing VM operation: ParallelGCFailedAllocation
Event: 14.138 Executing VM operation: ParallelGCFailedAllocation done
Event: 14.567 Executing VM operation: ParallelGCFailedAllocation


Dynamic libraries:
0x00007ff6e4ee0000 - 0x00007ff6e4f17000 	C:\Program Files\Java\jdk1.8.0_221\bin\java.exe
0x00007ffae9d40000 - 0x00007ffae9f30000 	C:\WINDOWS\SYSTEM32\ntdll.dll
0x00007ffae9080000 - 0x00007ffae9132000 	C:\WINDOWS\System32\KERNEL32.DLL
0x00007ffae6f30000 - 0x00007ffae71d4000 	C:\WINDOWS\System32\KERNELBASE.dll
0x00007ffae89b0000 - 0x00007ffae8a53000 	C:\WINDOWS\System32\ADVAPI32.dll
0x00007ffae8b40000 - 0x00007ffae8bde000 	C:\WINDOWS\System32\msvcrt.dll
0x00007ffae9a50000 - 0x00007ffae9ae7000 	C:\WINDOWS\System32\sechost.dll
0x00007ffae85a0000 - 0x00007ffae86c0000 	C:\WINDOWS\System32\RPCRT4.dll
0x00007ffae9630000 - 0x00007ffae97c4000 	C:\WINDOWS\System32\USER32.dll
0x00007ffae6e50000 - 0x00007ffae6e71000 	C:\WINDOWS\System32\win32u.dll
0x00007ffae9af0000 - 0x00007ffae9b16000 	C:\WINDOWS\System32\GDI32.dll
0x00007ffae7260000 - 0x00007ffae73f5000 	C:\WINDOWS\System32\gdi32full.dll
0x00007ffae7ca0000 - 0x00007ffae7d3e000 	C:\WINDOWS\System32\msvcp_win.dll
0x00007ffae7ba0000 - 0x00007ffae7c9a000 	C:\WINDOWS\System32\ucrtbase.dll
0x00007ffad54b0000 - 0x00007ffad5734000 	C:\WINDOWS\WinSxS\amd64_microsoft.windows.common-controls_6595b64144ccf1df_6.0.18362.900_none_e6beb9d913147d17\COMCTL32.dll
0x00007ffae8be0000 - 0x00007ffae8f15000 	C:\WINDOWS\System32\combase.dll
0x00007ffae71e0000 - 0x00007ffae7260000 	C:\WINDOWS\System32\bcryptPrimitives.dll
0x00007ffae9cd0000 - 0x00007ffae9cfe000 	C:\WINDOWS\System32\IMM32.DLL
0x0000000065550000 - 0x0000000065622000 	C:\Program Files\Java\jdk1.8.0_221\jre\bin\msvcr100.dll
0x0000000063f70000 - 0x0000000064815000 	C:\Program Files\Java\jdk1.8.0_221\jre\bin\server\jvm.dll
0x00007ffae8ad0000 - 0x00007ffae8ad8000 	C:\WINDOWS\System32\PSAPI.DLL
0x00007ffacf640000 - 0x00007ffacf649000 	C:\WINDOWS\SYSTEM32\WSOCK32.dll
0x00007ffae4610000 - 0x00007ffae4634000 	C:\WINDOWS\SYSTEM32\WINMM.dll
0x00007ffae2fb0000 - 0x00007ffae2fba000 	C:\WINDOWS\SYSTEM32\VERSION.dll
0x00007ffae98a0000 - 0x00007ffae990f000 	C:\WINDOWS\System32\WS2_32.dll
0x00007ffae4500000 - 0x00007ffae452d000 	C:\WINDOWS\SYSTEM32\winmmbase.dll
0x00007ffae6ee0000 - 0x00007ffae6f2a000 	C:\WINDOWS\System32\cfgmgr32.dll
0x00007ffae36a0000 - 0x00007ffae36af000 	C:\Program Files\Java\jdk1.8.0_221\jre\bin\verify.dll
0x00007ffae3660000 - 0x00007ffae3689000 	C:\Program Files\Java\jdk1.8.0_221\jre\bin\java.dll
0x00007ffae3610000 - 0x00007ffae3633000 	C:\Program Files\Java\jdk1.8.0_221\jre\bin\instrument.dll
0x00007ffae3640000 - 0x00007ffae3656000 	C:\Program Files\Java\jdk1.8.0_221\jre\bin\zip.dll
0x00007ffae7eb0000 - 0x00007ffae8596000 	C:\WINDOWS\System32\SHELL32.dll
0x00007ffae7df0000 - 0x00007ffae7e99000 	C:\WINDOWS\System32\shcore.dll
0x00007ffae7420000 - 0x00007ffae7ba0000 	C:\WINDOWS\System32\windows.storage.dll
0x00007ffae6c50000 - 0x00007ffae6c73000 	C:\WINDOWS\System32\profapi.dll
0x00007ffae6c80000 - 0x00007ffae6cca000 	C:\WINDOWS\System32\powrprof.dll
0x00007ffae6c00000 - 0x00007ffae6c10000 	C:\WINDOWS\System32\UMPDC.dll
0x00007ffae9840000 - 0x00007ffae9892000 	C:\WINDOWS\System32\shlwapi.dll
0x00007ffae6c30000 - 0x00007ffae6c41000 	C:\WINDOWS\System32\kernel.appcore.dll
0x00007ffae7400000 - 0x00007ffae7417000 	C:\WINDOWS\System32\cryptsp.dll
0x00007ffae35f0000 - 0x00007ffae360a000 	D:\aMyJavaFile\idea\bin\breakgen64.dll
0x00007ffae35d0000 - 0x00007ffae35ea000 	C:\Program Files\Java\jdk1.8.0_221\jre\bin\net.dll
0x00007ffadbec0000 - 0x00007ffadc096000 	C:\WINDOWS\SYSTEM32\urlmon.dll
0x00007ffadb970000 - 0x00007ffadbc16000 	C:\WINDOWS\SYSTEM32\iertutil.dll
0x00007ffae65e0000 - 0x00007ffae65ec000 	C:\WINDOWS\SYSTEM32\CRYPTBASE.DLL
0x00007ffae6410000 - 0x00007ffae6477000 	C:\WINDOWS\system32\mswsock.dll

VM Arguments:
jvm_args: -javaagent:D:\aMyJavaFile\idea\lib\idea_rt.jar=56060:D:\aMyJavaFile\idea\bin -Dfile.encoding=UTF-8 
java_command: com.bytedance.crm.workbench.domain.Solution
java_class_path (initial): C:\Program Files\Java\jdk1.8.0_221\jre\lib\charsets.jar;C:\Program Files\Java\jdk1.8.0_221\jre\lib\deploy.jar;C:\Program Files\Java\jdk1.8.0_221\jre\lib\ext\access-bridge-64.jar;C:\Program Files\Java\jdk1.8.0_221\jre\lib\ext\cldrdata.jar;C:\Program Files\Java\jdk1.8.0_221\jre\lib\ext\dnsns.jar;C:\Program Files\Java\jdk1.8.0_221\jre\lib\ext\jaccess.jar;C:\Program Files\Java\jdk1.8.0_221\jre\lib\ext\jfxrt.jar;C:\Program Files\Java\jdk1.8.0_221\jre\lib\ext\localedata.jar;C:\Program Files\Java\jdk1.8.0_221\jre\lib\ext\nashorn.jar;C:\Program Files\Java\jdk1.8.0_221\jre\lib\ext\sunec.jar;C:\Program Files\Java\jdk1.8.0_221\jre\lib\ext\sunjce_provider.jar;C:\Program Files\Java\jdk1.8.0_221\jre\lib\ext\sunmscapi.jar;C:\Program Files\Java\jdk1.8.0_221\jre\lib\ext\sunpkcs11.jar;C:\Program Files\Java\jdk1.8.0_221\jre\lib\ext\zipfs.jar;C:\Program Files\Java\jdk1.8.0_221\jre\lib\javaws.jar;C:\Program Files\Java\jdk1.8.0_221\jre\lib\jce.jar;C:\Program Files\Java\jdk1.8.0_221\jre\lib\jfr.jar;C:\Program Files\Java\jdk1.8.0_221\jre\lib\jfxswt.jar;C:\Program Files\Java\jdk1.8.0_221\jre\lib\jsse.jar;C:\Program Files\Java\jdk1.8.0_221\jre\lib\management-agent.jar;C:\Program Files\Java\jdk1.8.0_221\jre\lib\plugin.jar;C:\Program Files\Java\jdk1.8.0_221\jre\lib\resources.jar;C:\Program Files\Java\jdk1.8.0_221\jre\lib\rt.jar;D:\aMyJavaFile\javaProject\crm\target\classes;D:\maven local space\org\springframework\spring-webmvc\5.2.7.RELEASE\spring-webmvc-5.2.7.RELEASE.jar;D:\maven local space\org\springframework\spring-aop\5.2.7.RELEASE\spring-aop-5.2.7.RELEASE.jar;D:\maven local space\org\springframework\spring-beans\5.2.7.RELEASE\spring-beans-5.2.7.RELEASE.jar;D:\maven local space\org\springframework\spring-context\5.2.7.RELEASE\spring-context-5.2.7.RELEASE.jar;D:\maven local space\org\springframework\spring-core\5.2.7.RELEASE\spring-core-5.2.7.RELEASE.jar;D:\maven local space\org\springframework\spring-jcl\5.2.7.RELEASE\spring-jcl-5.2.7.RELEASE.jar;D:\maven loca
Launcher Type: SUN_STANDARD

Environment Variables:
JAVA_HOME=C:\Program Files\Java\jdk1.8.0_221
CLASSPATH=.;C:\Program Files\Java\jdk1.8.0_221\lib\dt.jar;C:\Program Files\Java\jdk1.8.0_221\lib\tools.jar;
PATH=C:\Program Files (x86)\Common Files\Oracle\Java\javapath;D:\软件\;%;ystemRoot%\system32;C:\WINDOWS;C:\WINDOWS\System32\Wbem;C:\WINDOWS\System32\WindowsPowerShell\v1.0\;C:\WINDOWS\System32\OpenSSH\;C:\Program Files\Intel\WiFi\bin\;C:\Program Files\Common Files\Intel\WirelessCommon\;D:\aMyJavaFile\Git\gitF\Git\cmd;C:\Users\hxl\AppData\Local\Microsoft\WindowsApps;
USERNAME=hxl
OS=Windows_NT
PROCESSOR_IDENTIFIER=AMD64 Family 23 Model 17 Stepping 0, AuthenticAMD



---------------  S Y S T E M  ---------------

OS: Windows 10.0 , 64 bit Build 18362 (10.0.18362.900)

CPU:total 8 (initial active 8) (8 cores per cpu, 1 threads per core) family 23 model 17 stepping 0, cmov, cx8, fxsr, mmx, sse, sse2, sse3, ssse3, sse4.1, sse4.2, popcnt, avx, avx2, aes, clmul, mmxext, 3dnowpref, lzcnt, sse4a, tsc, tscinvbit, tscinv, bmi1

Memory: 4k page, physical 7239248k(366180k free), swap 17725004k(0k free)

vm_info: Java HotSpot(TM) 64-Bit Server VM (25.221-b11) for windows-amd64 JRE (1.8.0_221-b11), built on Jul  4 2019 04:39:29 by "java_re" with MS VC++ 10.0 (VS2010)

time: Sun Aug 16 11:17:46 2020
timezone: 中国标准时间
elapsed time: 15 seconds (0d 0h 0m 15s)

